{
  "stats": {
    "suites": 4,
    "tests": 4,
    "passes": 4,
    "pending": 0,
    "failures": 0,
    "start": "2021-04-15T06:21:25.815Z",
    "end": "2021-04-15T06:31:21.181Z",
    "duration": 51056,
    "testsRegistered": 4,
    "passPercent": 100,
    "pendingPercent": 0,
    "other": 0,
    "hasOther": false,
    "skipped": 0,
    "hasSkipped": false
  },
  "results": [
    {
      "uuid": "a6a820c6-13e4-4924-9f7f-5442ed56e1b5",
      "title": "",
      "fullFile": "cypress/integration/sampletest/fixture_file.js",
      "file": "cypress/integration/sampletest/fixture_file.js",
      "beforeHooks": [],
      "afterHooks": [],
      "tests": [],
      "suites": [
        {
          "uuid": "ac617883-d703-480f-bc02-8dd0599da9b9",
          "title": "MyTestSuit",
          "fullFile": "",
          "file": "",
          "beforeHooks": [],
          "afterHooks": [],
          "tests": [
            {
              "title": "Fixtures",
              "fullTitle": "MyTestSuit Fixtures",
              "timedOut": null,
              "duration": 14986,
              "state": "passed",
              "speed": "slow",
              "pass": true,
              "fail": false,
              "pending": false,
              "context": null,
              "code": "cy.visit('https://lms-development.shopdev.co/');\ncy.title().should(\"eq\", 'Fabric');\ncy.get('#username').type(demo.email);\ncy.get('#password').type(demo.password);\ncy.wait(5000);\ncy.get(\":nth-child(3) > .btn\").click();",
              "err": {},
              "uuid": "da4f8574-96d7-4155-ab07-67f3a69cb85b",
              "parentUUID": "ac617883-d703-480f-bc02-8dd0599da9b9",
              "isHook": false,
              "skipped": false
            }
          ],
          "suites": [],
          "passes": [
            "da4f8574-96d7-4155-ab07-67f3a69cb85b"
          ],
          "failures": [],
          "pending": [],
          "skipped": [],
          "duration": 14986,
          "root": false,
          "rootEmpty": false,
          "_timeout": 2000
        }
      ],
      "passes": [],
      "failures": [],
      "pending": [],
      "skipped": [],
      "duration": 0,
      "root": true,
      "rootEmpty": true,
      "_timeout": 2000
    },
    {
      "uuid": "b25914df-4697-4c3e-899c-aab7d6771dbd",
      "title": "",
      "fullFile": "cypress/integration/sampletest/fixturesdemo.js",
      "file": "cypress/integration/sampletest/fixturesdemo.js",
      "beforeHooks": [],
      "afterHooks": [],
      "tests": [],
      "suites": [
        {
          "uuid": "28c04350-fd8c-4ca2-8548-751a40b1a73b",
          "title": "fixtures Demo",
          "fullFile": "",
          "file": "",
          "beforeHooks": [],
          "afterHooks": [],
          "tests": [
            {
              "title": "Require",
              "fullTitle": "fixtures Demo Require",
              "timedOut": null,
              "duration": 234,
              "state": "passed",
              "speed": "slow",
              "pass": true,
              "fail": false,
              "pending": false,
              "context": null,
              "code": "expect(city.name).to.deep.equal('Lahore');",
              "err": {},
              "uuid": "492c57fd-73be-4982-97c6-e93848c74d14",
              "parentUUID": "28c04350-fd8c-4ca2-8548-751a40b1a73b",
              "isHook": false,
              "skipped": false
            }
          ],
          "suites": [],
          "passes": [
            "492c57fd-73be-4982-97c6-e93848c74d14"
          ],
          "failures": [],
          "pending": [],
          "skipped": [],
          "duration": 234,
          "root": false,
          "rootEmpty": false,
          "_timeout": 2000
        }
      ],
      "passes": [],
      "failures": [],
      "pending": [],
      "skipped": [],
      "duration": 0,
      "root": true,
      "rootEmpty": true,
      "_timeout": 2000
    },
    {
      "uuid": "ad5d42a5-85f9-401e-95ba-1fdaecdeb237",
      "title": "",
      "fullFile": "cypress/integration/sampletest/go_back.js",
      "file": "cypress/integration/sampletest/go_back.js",
      "beforeHooks": [],
      "afterHooks": [],
      "tests": [],
      "suites": [
        {
          "uuid": "e36feb4a-7fab-457e-9fed-4b654e06b9cc",
          "title": "NavigationCheck",
          "fullFile": "",
          "file": "",
          "beforeHooks": [],
          "afterHooks": [],
          "tests": [
            {
              "title": "verify the farword and back title",
              "fullTitle": "NavigationCheck verify the farword and back title",
              "timedOut": null,
              "duration": 22393,
              "state": "passed",
              "speed": "slow",
              "pass": true,
              "fail": false,
              "pending": false,
              "context": null,
              "code": "cy.visit('https://lms-development.shopdev.co/dashboard');\ncy.get('#username').type('admin@organizationretain.co');\ncy.get('#password').type('admin');\ncy.wait(2000);\ncy.get(\":nth-child(3) > .btn\").click();\ncy.get(\".hierarchy\").click(); // cy.go('back')\ncy.get(':nth-child(1) > .ng-tns-c4-0 > .program').click();\ncy.go('back');\ncy.go('forward'); // cy.get('.club').click()\n// cy.go('forward')",
              "err": {},
              "uuid": "736d9dfd-2614-4f32-a468-4b4da9e5aec0",
              "parentUUID": "e36feb4a-7fab-457e-9fed-4b654e06b9cc",
              "isHook": false,
              "skipped": false
            }
          ],
          "suites": [],
          "passes": [
            "736d9dfd-2614-4f32-a468-4b4da9e5aec0"
          ],
          "failures": [],
          "pending": [],
          "skipped": [],
          "duration": 22393,
          "root": false,
          "rootEmpty": false,
          "_timeout": 2000
        }
      ],
      "passes": [],
      "failures": [],
      "pending": [],
      "skipped": [],
      "duration": 0,
      "root": true,
      "rootEmpty": true,
      "_timeout": 2000
    },
    {
      "uuid": "410bdcc7-7e75-460c-b2a8-decbd40982db",
      "title": "",
      "fullFile": "cypress/integration/Example/custom.js",
      "file": "cypress/integration/Example/custom.js",
      "beforeHooks": [],
      "afterHooks": [],
      "tests": [],
      "suites": [
        {
          "uuid": "e4edce95-daa1-4fb4-b83c-6349e3bbe8e6",
          "title": "MyTestSuit",
          "fullFile": "",
          "file": "",
          "beforeHooks": [],
          "afterHooks": [],
          "tests": [
            {
              "title": "verify the title of page Positive",
              "fullTitle": "MyTestSuit verify the title of page Positive",
              "timedOut": null,
              "duration": 13443,
              "state": "passed",
              "speed": "slow",
              "pass": true,
              "fail": false,
              "pending": false,
              "context": null,
              "code": "cy.login('admin@organizationretain.co', 'admin');",
              "err": {},
              "uuid": "ca40317b-d84a-4298-83e0-f46ce4a835f6",
              "parentUUID": "e4edce95-daa1-4fb4-b83c-6349e3bbe8e6",
              "isHook": false,
              "skipped": false
            }
          ],
          "suites": [],
          "passes": [
            "ca40317b-d84a-4298-83e0-f46ce4a835f6"
          ],
          "failures": [],
          "pending": [],
          "skipped": [],
          "duration": 13443,
          "root": false,
          "rootEmpty": false,
          "_timeout": 2000
        }
      ],
      "passes": [],
      "failures": [],
      "pending": [],
      "skipped": [],
      "duration": 0,
      "root": true,
      "rootEmpty": true,
      "_timeout": 2000
    }
  ],
  "meta": {
    "mocha": {
      "version": "7.0.1"
    },
    "mochawesome": {
      "options": {
        "quiet": false,
        "reportFilename": "report",
        "saveHtml": true,
        "saveJson": true,
        "consoleReporter": "spec",
        "useInlineDiffs": false,
        "code": true
      },
      "version": "6.2.2"
    },
    "marge": {
      "options": {
        "reportDir": "cypress/reports",
        "reportFilename": "report",
        "overwrite": false,
        "hmtl": true,
        "json": true,
        "charts": true
      },
      "version": "5.2.0"
    }
  }
}