{
  "stats": {
    "suites": 1,
    "tests": 1,
    "passes": 0,
    "pending": 0,
    "failures": 1,
    "start": "2021-04-20T08:51:19.938Z",
    "end": "2021-04-20T08:51:21.970Z",
    "duration": 2032,
    "testsRegistered": 4,
    "passPercent": 0,
    "pendingPercent": 0,
    "other": 0,
    "hasOther": false,
    "skipped": 3,
    "hasSkipped": true
  },
  "results": [
    {
      "uuid": "36f7ba34-6356-406a-8f3e-f0b482de2c97",
      "title": "",
      "fullFile": "cypress/integration/Example/API.js",
      "file": "cypress/integration/Example/API.js",
      "beforeHooks": [],
      "afterHooks": [],
      "tests": [],
      "suites": [
        {
          "uuid": "a14eeef2-c542-4a8c-8210-7db139d7dea4",
          "title": "API",
          "fullFile": "",
          "file": "",
          "beforeHooks": [],
          "afterHooks": [],
          "tests": [
            {
              "title": "API TESTING",
              "fullTitle": "API API TESTING",
              "timedOut": null,
              "duration": 1691,
              "state": "failed",
              "speed": null,
              "pass": false,
              "fail": true,
              "pending": false,
              "context": null,
              "code": "cy.get('@user').its('header').its('content-type').should('include, application\\json; charset=utf=8');",
              "err": {
                "message": "CypressError: `cy.request()` must be provided a fully qualified `url` - one that begins with `http`. By default `cy.request()` will use either the current window's origin or the `baseUrl` in `cypress.json`. Neither of those values were present.\n\nhttps://on.cypress.io/request\n\nBecause this error occurred during a `before each` hook we are skipping the remaining tests in the current suite: `API`",
                "estack": "CypressError: `cy.request()` must be provided a fully qualified `url` - one that begins with `http`. By default `cy.request()` will use either the current window's origin or the `baseUrl` in `cypress.json`. Neither of those values were present.\n\nhttps://on.cypress.io/request\n\nBecause this error occurred during a `before each` hook we are skipping the remaining tests in the current suite: `API`\n    at Context.request (http://localhost:53634/__cypress/runner/cypress_runner.js:139256:19)\nFrom Your Spec Code:\n    at Context.eval (http://localhost:53634/__cypress/tests?p=cypress\\integration\\Example\\API.js:101:8)",
                "diff": null
              },
              "uuid": "3da6f82a-7349-4e74-b35b-661c0b1c9361",
              "parentUUID": "a14eeef2-c542-4a8c-8210-7db139d7dea4",
              "isHook": false,
              "skipped": false
            },
            {
              "title": "API TESTING",
              "fullTitle": "API API TESTING",
              "timedOut": null,
              "duration": 0,
              "state": "skipped",
              "speed": null,
              "pass": false,
              "fail": false,
              "pending": false,
              "context": null,
              "code": "cy.get('@user').its('header').its('status').should('equal', 200);",
              "err": {},
              "uuid": "12b9ea64-cb6f-4411-9222-1db28937607e",
              "parentUUID": "a14eeef2-c542-4a8c-8210-7db139d7dea4",
              "isHook": false,
              "skipped": true
            },
            {
              "title": "API TESTING",
              "fullTitle": "API API TESTING",
              "timedOut": null,
              "duration": 0,
              "state": "skipped",
              "speed": null,
              "pass": false,
              "fail": false,
              "pending": false,
              "context": null,
              "code": "cy.get('@user').its('header').its('body').should('contains', {\n  'total_page': 2\n});",
              "err": {},
              "uuid": "cb5ae16b-8ebb-40fa-ac04-796b5afdcc1a",
              "parentUUID": "a14eeef2-c542-4a8c-8210-7db139d7dea4",
              "isHook": false,
              "skipped": true
            },
            {
              "title": "API TESTING",
              "fullTitle": "API API TESTING",
              "timedOut": null,
              "duration": 0,
              "state": "skipped",
              "speed": null,
              "pass": false,
              "fail": false,
              "pending": false,
              "context": null,
              "code": "cy.get('@user').its('header').its('body').then(res => {\n  expect(res.data[0]).has.property('first_name', 'toqeer');\n});",
              "err": {},
              "uuid": "88e34b9a-2594-430a-ba94-e0dfa79ca882",
              "parentUUID": "a14eeef2-c542-4a8c-8210-7db139d7dea4",
              "isHook": false,
              "skipped": true
            }
          ],
          "suites": [],
          "passes": [],
          "failures": [
            "3da6f82a-7349-4e74-b35b-661c0b1c9361"
          ],
          "pending": [],
          "skipped": [
            "12b9ea64-cb6f-4411-9222-1db28937607e",
            "cb5ae16b-8ebb-40fa-ac04-796b5afdcc1a",
            "88e34b9a-2594-430a-ba94-e0dfa79ca882"
          ],
          "duration": 1691,
          "root": false,
          "rootEmpty": false,
          "_timeout": 2000
        }
      ],
      "passes": [],
      "failures": [],
      "pending": [],
      "skipped": [],
      "duration": 0,
      "root": true,
      "rootEmpty": true,
      "_timeout": 2000
    }
  ],
  "meta": {
    "mocha": {
      "version": "7.0.1"
    },
    "mochawesome": {
      "options": {
        "quiet": false,
        "reportFilename": "report",
        "saveHtml": true,
        "saveJson": true,
        "consoleReporter": "spec",
        "useInlineDiffs": false,
        "code": true
      },
      "version": "6.2.2"
    },
    "marge": {
      "options": {
        "reportDir": "cypress/reports",
        "reportFilename": "report",
        "overwrite": false,
        "hmtl": true,
        "json": true,
        "charts": true
      },
      "version": "5.2.0"
    }
  }
}