{
  "stats": {
    "suites": 1,
    "tests": 1,
    "passes": 1,
    "pending": 0,
    "failures": 0,
    "start": "2021-04-20T08:53:01.500Z",
    "end": "2021-04-20T08:53:30.042Z",
    "duration": 28542,
    "testsRegistered": 1,
    "passPercent": 100,
    "pendingPercent": 0,
    "other": 0,
    "hasOther": false,
    "skipped": 0,
    "hasSkipped": false
  },
  "results": [
    {
      "uuid": "8322f307-27f7-4f45-b11a-005fbb539206",
      "title": "",
      "fullFile": "cypress/integration/Example/Lms_Edit_Club.js",
      "file": "cypress/integration/Example/Lms_Edit_Club.js",
      "beforeHooks": [],
      "afterHooks": [],
      "tests": [],
      "suites": [
        {
          "uuid": "486358b5-d19d-4158-bbbc-bdc48bde75b1",
          "title": "LMS",
          "fullFile": "",
          "file": "",
          "beforeHooks": [],
          "afterHooks": [],
          "tests": [
            {
              "title": "verify the Login",
              "fullTitle": "LMS verify the Login",
              "timedOut": null,
              "duration": 25350,
              "state": "passed",
              "speed": "slow",
              "pass": true,
              "fail": false,
              "pending": false,
              "context": null,
              "code": "// cy.visit('https://lms-development.shopdev.co/')\n// cy.title().should(\"eq\", 'Fabric')\n// cy.get('#username').type('admin@organizationretain.co')\n// cy.get('#password').type('admin')\n// cy.get(\":nth-child(3) > .btn\").click()\n// const obj=new Loginpage()\n// obj.visit()\n// obj.fillemail('admin@organizationretain.co')\n// obj.fillpassword('admin')\n// obj.submit()\ncy.login('admin@organizationretain.co', 'admin');\ncy.title().should(\"eq\", 'Fabric');\ncy.get(\".hierarchy\").click();\ncy.get(\".club\").click();\ncy.get(':nth-child(2) > .card-block > .card-controls > .ng-star-inserted > .btn').click();\ncy.get(\"[placeholder='Title of the Club']\").clear().type(\"NewEditNewAutomateclubEdit\");\ncy.get('.row > :nth-child(1) > .btn').click();",
              "err": {},
              "uuid": "2e2733c7-f7cd-4eb6-9ab7-4ae10c8ea40a",
              "parentUUID": "486358b5-d19d-4158-bbbc-bdc48bde75b1",
              "isHook": false,
              "skipped": false
            }
          ],
          "suites": [],
          "passes": [
            "2e2733c7-f7cd-4eb6-9ab7-4ae10c8ea40a"
          ],
          "failures": [],
          "pending": [],
          "skipped": [],
          "duration": 25350,
          "root": false,
          "rootEmpty": false,
          "_timeout": 2000
        }
      ],
      "passes": [],
      "failures": [],
      "pending": [],
      "skipped": [],
      "duration": 0,
      "root": true,
      "rootEmpty": true,
      "_timeout": 2000
    }
  ],
  "meta": {
    "mocha": {
      "version": "7.0.1"
    },
    "mochawesome": {
      "options": {
        "quiet": false,
        "reportFilename": "report",
        "saveHtml": true,
        "saveJson": true,
        "consoleReporter": "spec",
        "useInlineDiffs": false,
        "code": true
      },
      "version": "6.2.2"
    },
    "marge": {
      "options": {
        "reportDir": "cypress/reports",
        "reportFilename": "report",
        "overwrite": false,
        "hmtl": true,
        "json": true,
        "charts": true
      },
      "version": "5.2.0"
    }
  }
}