{
  "stats": {
    "suites": 1,
    "tests": 1,
    "passes": 1,
    "pending": 0,
    "failures": 0,
    "start": "2021-04-15T06:30:53.844Z",
    "end": "2021-04-15T06:31:21.181Z",
    "duration": 27337,
    "testsRegistered": 1,
    "passPercent": 100,
    "pendingPercent": 0,
    "other": 0,
    "hasOther": false,
    "skipped": 0,
    "hasSkipped": false
  },
  "results": [
    {
      "uuid": "ad5d42a5-85f9-401e-95ba-1fdaecdeb237",
      "title": "",
      "fullFile": "cypress/integration/sampletest/go_back.js",
      "file": "cypress/integration/sampletest/go_back.js",
      "beforeHooks": [],
      "afterHooks": [],
      "tests": [],
      "suites": [
        {
          "uuid": "e36feb4a-7fab-457e-9fed-4b654e06b9cc",
          "title": "NavigationCheck",
          "fullFile": "",
          "file": "",
          "beforeHooks": [],
          "afterHooks": [],
          "tests": [
            {
              "title": "verify the farword and back title",
              "fullTitle": "NavigationCheck verify the farword and back title",
              "timedOut": null,
              "duration": 22393,
              "state": "passed",
              "speed": "slow",
              "pass": true,
              "fail": false,
              "pending": false,
              "context": null,
              "code": "cy.visit('https://lms-development.shopdev.co/dashboard');\ncy.get('#username').type('admin@organizationretain.co');\ncy.get('#password').type('admin');\ncy.wait(2000);\ncy.get(\":nth-child(3) > .btn\").click();\ncy.get(\".hierarchy\").click(); // cy.go('back')\ncy.get(':nth-child(1) > .ng-tns-c4-0 > .program').click();\ncy.go('back');\ncy.go('forward'); // cy.get('.club').click()\n// cy.go('forward')",
              "err": {},
              "uuid": "736d9dfd-2614-4f32-a468-4b4da9e5aec0",
              "parentUUID": "e36feb4a-7fab-457e-9fed-4b654e06b9cc",
              "isHook": false,
              "skipped": false
            }
          ],
          "suites": [],
          "passes": [
            "736d9dfd-2614-4f32-a468-4b4da9e5aec0"
          ],
          "failures": [],
          "pending": [],
          "skipped": [],
          "duration": 22393,
          "root": false,
          "rootEmpty": false,
          "_timeout": 2000
        }
      ],
      "passes": [],
      "failures": [],
      "pending": [],
      "skipped": [],
      "duration": 0,
      "root": true,
      "rootEmpty": true,
      "_timeout": 2000
    }
  ],
  "meta": {
    "mocha": {
      "version": "7.0.1"
    },
    "mochawesome": {
      "options": {
        "quiet": false,
        "reportFilename": "report",
        "saveHtml": true,
        "saveJson": true,
        "consoleReporter": "spec",
        "useInlineDiffs": false,
        "code": true
      },
      "version": "6.2.2"
    },
    "marge": {
      "options": {
        "reportDir": "cypress/reports",
        "reportFilename": "report",
        "overwrite": false,
        "hmtl": true,
        "json": true,
        "charts": true
      },
      "version": "5.2.0"
    }
  }
}