{
  "stats": {
    "suites": 1,
    "tests": 1,
    "passes": 1,
    "pending": 0,
    "failures": 0,
    "start": "2021-04-15T06:30:15.857Z",
    "end": "2021-04-15T06:30:42.569Z",
    "duration": 26712,
    "testsRegistered": 1,
    "passPercent": 100,
    "pendingPercent": 0,
    "other": 0,
    "hasOther": false,
    "skipped": 0,
    "hasSkipped": false
  },
  "results": [
    {
      "uuid": "a6a820c6-13e4-4924-9f7f-5442ed56e1b5",
      "title": "",
      "fullFile": "cypress/integration/sampletest/fixture_file.js",
      "file": "cypress/integration/sampletest/fixture_file.js",
      "beforeHooks": [],
      "afterHooks": [],
      "tests": [],
      "suites": [
        {
          "uuid": "ac617883-d703-480f-bc02-8dd0599da9b9",
          "title": "MyTestSuit",
          "fullFile": "",
          "file": "",
          "beforeHooks": [],
          "afterHooks": [],
          "tests": [
            {
              "title": "Fixtures",
              "fullTitle": "MyTestSuit Fixtures",
              "timedOut": null,
              "duration": 14986,
              "state": "passed",
              "speed": "slow",
              "pass": true,
              "fail": false,
              "pending": false,
              "context": null,
              "code": "cy.visit('https://lms-development.shopdev.co/');\ncy.title().should(\"eq\", 'Fabric');\ncy.get('#username').type(demo.email);\ncy.get('#password').type(demo.password);\ncy.wait(5000);\ncy.get(\":nth-child(3) > .btn\").click();",
              "err": {},
              "uuid": "da4f8574-96d7-4155-ab07-67f3a69cb85b",
              "parentUUID": "ac617883-d703-480f-bc02-8dd0599da9b9",
              "isHook": false,
              "skipped": false
            }
          ],
          "suites": [],
          "passes": [
            "da4f8574-96d7-4155-ab07-67f3a69cb85b"
          ],
          "failures": [],
          "pending": [],
          "skipped": [],
          "duration": 14986,
          "root": false,
          "rootEmpty": false,
          "_timeout": 2000
        }
      ],
      "passes": [],
      "failures": [],
      "pending": [],
      "skipped": [],
      "duration": 0,
      "root": true,
      "rootEmpty": true,
      "_timeout": 2000
    }
  ],
  "meta": {
    "mocha": {
      "version": "7.0.1"
    },
    "mochawesome": {
      "options": {
        "quiet": false,
        "reportFilename": "report",
        "saveHtml": true,
        "saveJson": true,
        "consoleReporter": "spec",
        "useInlineDiffs": false,
        "code": true
      },
      "version": "6.2.2"
    },
    "marge": {
      "options": {
        "reportDir": "cypress/reports",
        "reportFilename": "report",
        "overwrite": false,
        "hmtl": true,
        "json": true,
        "charts": true
      },
      "version": "5.2.0"
    }
  }
}