{
  "stats": {
    "suites": 1,
    "tests": 2,
    "passes": 2,
    "pending": 0,
    "failures": 0,
    "start": "2021-04-20T08:51:38.171Z",
    "end": "2021-04-20T08:51:41.584Z",
    "duration": 3413,
    "testsRegistered": 2,
    "passPercent": 100,
    "pendingPercent": 0,
    "other": 0,
    "hasOther": false,
    "skipped": 0,
    "hasSkipped": false
  },
  "results": [
    {
      "uuid": "d6a9bbb4-f01f-4866-9b93-9dd4c298be63",
      "title": "",
      "fullFile": "cypress/integration/Example/Apidemo.js",
      "file": "cypress/integration/Example/Apidemo.js",
      "beforeHooks": [],
      "afterHooks": [],
      "tests": [],
      "suites": [
        {
          "uuid": "a1bb7b67-e15f-4034-88d6-9ec05789e0a2",
          "title": "HTTP Example",
          "fullFile": "",
          "file": "",
          "beforeHooks": [],
          "afterHooks": [],
          "tests": [
            {
              "title": "Get",
              "fullTitle": "HTTP Example Get",
              "timedOut": null,
              "duration": 2380,
              "state": "passed",
              "speed": "slow",
              "pass": true,
              "fail": false,
              "pending": false,
              "context": null,
              "code": "cy.request({\n  method: 'GET',\n  url: 'https://httpbin.org/get'\n}).then(function (response) {\n  expect(response.body).have.property('url');\n});",
              "err": {},
              "uuid": "c706a620-a8af-4769-9984-66048655a54a",
              "parentUUID": "a1bb7b67-e15f-4034-88d6-9ec05789e0a2",
              "isHook": false,
              "skipped": false
            },
            {
              "title": "POST",
              "fullTitle": "HTTP Example POST",
              "timedOut": null,
              "duration": 841,
              "state": "passed",
              "speed": "slow",
              "pass": true,
              "fail": false,
              "pending": false,
              "context": null,
              "code": "cy.request({\n  method: 'POST',\n  url: 'https://httpbin.org/post',\n  body: {\n    \"name\": 'toqeer',\n    \"age\": 24\n  },\n  header: {\n    'content-type': 'application/json'\n  }\n}).then(function (response) {\n  expect(response.body).have.property('json');\n  expect(response.body.json).to.deep.equal({\n    \"name\": 'toqeer',\n    \"age\": 24\n  });\n});",
              "err": {},
              "uuid": "7b6d10cd-cb94-4a45-a9b4-ad73a0da62fc",
              "parentUUID": "a1bb7b67-e15f-4034-88d6-9ec05789e0a2",
              "isHook": false,
              "skipped": false
            }
          ],
          "suites": [],
          "passes": [
            "c706a620-a8af-4769-9984-66048655a54a",
            "7b6d10cd-cb94-4a45-a9b4-ad73a0da62fc"
          ],
          "failures": [],
          "pending": [],
          "skipped": [],
          "duration": 3221,
          "root": false,
          "rootEmpty": false,
          "_timeout": 2000
        }
      ],
      "passes": [],
      "failures": [],
      "pending": [],
      "skipped": [],
      "duration": 0,
      "root": true,
      "rootEmpty": true,
      "_timeout": 2000
    }
  ],
  "meta": {
    "mocha": {
      "version": "7.0.1"
    },
    "mochawesome": {
      "options": {
        "quiet": false,
        "reportFilename": "report",
        "saveHtml": true,
        "saveJson": true,
        "consoleReporter": "spec",
        "useInlineDiffs": false,
        "code": true
      },
      "version": "6.2.2"
    },
    "marge": {
      "options": {
        "reportDir": "cypress/reports",
        "reportFilename": "report",
        "overwrite": false,
        "hmtl": true,
        "json": true,
        "charts": true
      },
      "version": "5.2.0"
    }
  }
}